{
"/usr/local/scratch/nodejs-requirejs-express-backbonejs/src/js/config.js":{"path":"/usr/local/scratch/nodejs-requirejs-express-backbonejs/src/js/config.js","s":{"1":1,"2":1,"3":1,"4":1,"5":1},"b":{},"f":{"1":1,"2":1},"fnMap":{"1":{"name":"(anonymous_1)","line":1,"loc":{"start":{"line":1,"column":1},"end":{"line":1,"column":39}}},"2":{"name":"(anonymous_2)","line":2,"loc":{"start":{"line":2,"column":0},"end":{"line":2,"column":24}}}},"statementMap":{"1":{"start":{"line":1,"column":0},"end":{"line":10,"column":73}},"2":{"start":{"line":1,"column":41},"end":{"line":9,"column":3}},"3":{"start":{"line":4,"column":4},"end":{"line":4,"column":20}},"4":{"start":{"line":6,"column":4},"end":{"line":6,"column":33}},"5":{"start":{"line":8,"column":4},"end":{"line":8,"column":18}}},"branchMap":{},"l":{"1":1,"4":1,"6":1,"8":1}},
"/usr/local/scratch/nodejs-requirejs-express-backbonejs/src/js/views/header.js":{"path":"/usr/local/scratch/nodejs-requirejs-express-backbonejs/src/js/views/header.js","s":{"1":1,"2":1,"3":1,"4":0,"5":0},"b":{},"f":{"1":1,"2":1,"3":0},"fnMap":{"1":{"name":"(anonymous_1)","line":1,"loc":{"start":{"line":1,"column":1},"end":{"line":1,"column":39}}},"2":{"name":"(anonymous_2)","line":2,"loc":{"start":{"line":2,"column":4},"end":{"line":2,"column":58}}},"3":{"name":"(anonymous_3)","line":5,"loc":{"start":{"line":5,"column":21},"end":{"line":5,"column":32}}}},"statementMap":{"1":{"start":{"line":1,"column":0},"end":{"line":12,"column":73}},"2":{"start":{"line":1,"column":41},"end":{"line":11,"column":2}},"3":{"start":{"line":3,"column":2},"end":{"line":9,"column":11}},"4":{"start":{"line":6,"column":16},"end":{"line":6,"column":66}},"5":{"start":{"line":7,"column":16},"end":{"line":7,"column":28}}},"branchMap":{},"l":{"1":1,"3":1,"6":0,"7":0}},
"/usr/local/scratch/nodejs-requirejs-express-backbonejs/src/js/views/proto.js":{"path":"/usr/local/scratch/nodejs-requirejs-express-backbonejs/src/js/views/proto.js","s":{"1":1,"2":1,"3":1,"4":0,"5":2,"6":2,"7":2,"8":0,"9":0,"10":0,"11":0,"12":0,"13":0,"14":0,"15":0,"16":0},"b":{},"f":{"1":1,"2":1,"3":0,"4":2,"5":0,"6":2,"7":2,"8":0,"9":0,"10":0,"11":0},"fnMap":{"1":{"name":"(anonymous_1)","line":1,"loc":{"start":{"line":1,"column":1},"end":{"line":1,"column":39}}},"2":{"name":"(anonymous_2)","line":7,"loc":{"start":{"line":7,"column":4},"end":{"line":7,"column":27}}},"3":{"name":"(anonymous_3)","line":9,"loc":{"start":{"line":9,"column":19},"end":{"line":9,"column":30}}},"4":{"name":"(anonymous_4)","line":12,"loc":{"start":{"line":12,"column":25},"end":{"line":12,"column":40}}},"5":{"name":"(anonymous_5)","line":13,"loc":{"start":{"line":13,"column":28},"end":{"line":13,"column":39}}},"6":{"name":"(anonymous_6)","line":14,"loc":{"start":{"line":14,"column":27},"end":{"line":14,"column":42}}},"7":{"name":"(anonymous_7)","line":15,"loc":{"start":{"line":15,"column":24},"end":{"line":15,"column":39}}},"8":{"name":"(anonymous_8)","line":20,"loc":{"start":{"line":20,"column":26},"end":{"line":20,"column":41}}},"9":{"name":"(anonymous_9)","line":23,"loc":{"start":{"line":23,"column":30},"end":{"line":23,"column":41}}},"10":{"name":"(anonymous_10)","line":24,"loc":{"start":{"line":24,"column":40},"end":{"line":24,"column":55}}},"11":{"name":"(anonymous_11)","line":29,"loc":{"start":{"line":29,"column":20},"end":{"line":29,"column":31}}}},"statementMap":{"1":{"start":{"line":1,"column":0},"end":{"line":39,"column":73}},"2":{"start":{"line":4,"column":0},"end":{"line":38,"column":2}},"3":{"start":{"line":8,"column":8},"end":{"line":36,"column":11}},"4":{"start":{"line":10,"column":10},"end":{"line":10,"column":28}},"5":{"start":{"line":16,"column":16},"end":{"line":16,"column":37}},"6":{"start":{"line":17,"column":16},"end":{"line":17,"column":41}},"7":{"start":{"line":18,"column":16},"end":{"line":18,"column":39}},"8":{"start":{"line":21,"column":16},"end":{"line":21,"column":43}},"9":{"start":{"line":24,"column":16},"end":{"line":26,"column":19}},"10":{"start":{"line":25,"column":20},"end":{"line":25,"column":34}},"11":{"start":{"line":27,"column":16},"end":{"line":27,"column":37}},"12":{"start":{"line":30,"column":16},"end":{"line":30,"column":38}},"13":{"start":{"line":31,"column":16},"end":{"line":31,"column":40}},"14":{"start":{"line":32,"column":16},"end":{"line":32,"column":34}},"15":{"start":{"line":33,"column":16},"end":{"line":33,"column":37}},"16":{"start":{"line":34,"column":16},"end":{"line":34,"column":28}}},"branchMap":{},"l":{"1":1,"4":1,"8":1,"10":0,"16":2,"17":2,"18":2,"21":0,"24":0,"25":0,"27":0,"30":0,"31":0,"32":0,"33":0,"34":0}},
"/usr/local/scratch/nodejs-requirejs-express-backbonejs/src/js/views/footer.js":{"path":"/usr/local/scratch/nodejs-requirejs-express-backbonejs/src/js/views/footer.js","s":{"1":1,"2":1,"3":1,"4":0,"5":0},"b":{},"f":{"1":1,"2":1,"3":0},"fnMap":{"1":{"name":"(anonymous_1)","line":1,"loc":{"start":{"line":1,"column":1},"end":{"line":1,"column":39}}},"2":{"name":"(anonymous_2)","line":2,"loc":{"start":{"line":2,"column":4},"end":{"line":2,"column":58}}},"3":{"name":"(anonymous_3)","line":5,"loc":{"start":{"line":5,"column":21},"end":{"line":5,"column":32}}}},"statementMap":{"1":{"start":{"line":1,"column":0},"end":{"line":12,"column":73}},"2":{"start":{"line":1,"column":41},"end":{"line":11,"column":2}},"3":{"start":{"line":3,"column":8},"end":{"line":9,"column":11}},"4":{"start":{"line":6,"column":16},"end":{"line":6,"column":66}},"5":{"start":{"line":7,"column":16},"end":{"line":7,"column":28}}},"branchMap":{},"l":{"1":1,"3":1,"6":0,"7":0}},
"/usr/local/scratch/nodejs-requirejs-express-backbonejs/src/js/views/layout.js":{"path":"/usr/local/scratch/nodejs-requirejs-express-backbonejs/src/js/views/layout.js","s":{"1":1,"2":1,"3":1,"4":0,"5":0,"6":0,"7":0,"8":0,"9":0,"10":0,"11":0},"b":{"1":[0,0]},"f":{"1":1,"2":1,"3":0,"4":0},"fnMap":{"1":{"name":"(anonymous_1)","line":1,"loc":{"start":{"line":1,"column":1},"end":{"line":1,"column":39}}},"2":{"name":"(anonymous_2)","line":6,"loc":{"start":{"line":6,"column":8},"end":{"line":6,"column":62}}},"3":{"name":"(anonymous_3)","line":9,"loc":{"start":{"line":9,"column":25},"end":{"line":9,"column":36}}},"4":{"name":"(anonymous_4)","line":13,"loc":{"start":{"line":13,"column":28},"end":{"line":13,"column":43}}}},"statementMap":{"1":{"start":{"line":1,"column":0},"end":{"line":28,"column":73}},"2":{"start":{"line":1,"column":41},"end":{"line":27,"column":6}},"3":{"start":{"line":7,"column":12},"end":{"line":25,"column":15}},"4":{"start":{"line":10,"column":20},"end":{"line":10,"column":51}},"5":{"start":{"line":11,"column":20},"end":{"line":11,"column":32}},"6":{"start":{"line":14,"column":20},"end":{"line":14,"column":44}},"7":{"start":{"line":15,"column":20},"end":{"line":15,"column":44}},"8":{"start":{"line":18,"column":20},"end":{"line":20,"column":21}},"9":{"start":{"line":19,"column":21},"end":{"line":19,"column":54}},"10":{"start":{"line":22,"column":20},"end":{"line":22,"column":34}},"11":{"start":{"line":23,"column":20},"end":{"line":23,"column":74}}},"branchMap":{"1":{"line":18,"type":"if","locations":[{"start":{"line":18,"column":20},"end":{"line":18,"column":20}},{"start":{"line":18,"column":20},"end":{"line":18,"column":20}}]}},"l":{"1":1,"7":1,"10":0,"11":0,"14":0,"15":0,"18":0,"19":0,"22":0,"23":0}},
"/usr/local/scratch/nodejs-requirejs-express-backbonejs/src/js/views/thing.js":{"path":"/usr/local/scratch/nodejs-requirejs-express-backbonejs/src/js/views/thing.js","s":{"1":1,"2":1,"3":1,"4":1,"5":1,"6":1,"7":1},"b":{},"f":{"1":1,"2":1,"3":1,"4":1},"fnMap":{"1":{"name":"(anonymous_1)","line":1,"loc":{"start":{"line":1,"column":1},"end":{"line":1,"column":39}}},"2":{"name":"(anonymous_2)","line":2,"loc":{"start":{"line":2,"column":4},"end":{"line":2,"column":57}}},"3":{"name":"(anonymous_3)","line":4,"loc":{"start":{"line":4,"column":13},"end":{"line":4,"column":24}}},"4":{"name":"(anonymous_4)","line":8,"loc":{"start":{"line":8,"column":21},"end":{"line":8,"column":32}}}},"statementMap":{"1":{"start":{"line":1,"column":0},"end":{"line":16,"column":73}},"2":{"start":{"line":1,"column":41},"end":{"line":15,"column":2}},"3":{"start":{"line":3,"column":2},"end":{"line":13,"column":11}},"4":{"start":{"line":5,"column":4},"end":{"line":5,"column":35}},"5":{"start":{"line":9,"column":16},"end":{"line":9,"column":43}},"6":{"start":{"line":10,"column":16},"end":{"line":10,"column":66}},"7":{"start":{"line":11,"column":16},"end":{"line":11,"column":28}}},"branchMap":{},"l":{"1":1,"3":1,"5":1,"9":1,"10":1,"11":1}},
"/usr/local/scratch/nodejs-requirejs-express-backbonejs/src/js/views/thing_edit.js":{"path":"/usr/local/scratch/nodejs-requirejs-express-backbonejs/src/js/views/thing_edit.js","s":{"1":1,"2":1,"3":1,"4":0,"5":0,"6":0,"7":0,"8":0,"9":0,"10":0,"11":0,"12":0},"b":{},"f":{"1":1,"2":1,"3":0,"4":0,"5":0},"fnMap":{"1":{"name":"(anonymous_1)","line":1,"loc":{"start":{"line":1,"column":1},"end":{"line":1,"column":39}}},"2":{"name":"(anonymous_2)","line":2,"loc":{"start":{"line":2,"column":4},"end":{"line":2,"column":61}}},"3":{"name":"(anonymous_3)","line":6,"loc":{"start":{"line":6,"column":21},"end":{"line":6,"column":32}}},"4":{"name":"(anonymous_4)","line":14,"loc":{"start":{"line":14,"column":26},"end":{"line":14,"column":38}}},"5":{"name":"(anonymous_5)","line":20,"loc":{"start":{"line":20,"column":39},"end":{"line":20,"column":50}}}},"statementMap":{"1":{"start":{"line":1,"column":0},"end":{"line":27,"column":73}},"2":{"start":{"line":1,"column":41},"end":{"line":26,"column":2}},"3":{"start":{"line":3,"column":2},"end":{"line":24,"column":11}},"4":{"start":{"line":7,"column":16},"end":{"line":7,"column":48}},"5":{"start":{"line":8,"column":16},"end":{"line":8,"column":66}},"6":{"start":{"line":9,"column":16},"end":{"line":9,"column":28}},"7":{"start":{"line":15,"column":16},"end":{"line":15,"column":35}},"8":{"start":{"line":16,"column":16},"end":{"line":16,"column":36}},"9":{"start":{"line":18,"column":16},"end":{"line":18,"column":57}},"10":{"start":{"line":19,"column":16},"end":{"line":19,"column":47}},"11":{"start":{"line":20,"column":16},"end":{"line":22,"column":19}},"12":{"start":{"line":21,"column":20},"end":{"line":21,"column":60}}},"branchMap":{},"l":{"1":1,"3":1,"7":0,"8":0,"9":0,"15":0,"16":0,"18":0,"19":0,"20":0,"21":0}},
"/usr/local/scratch/nodejs-requirejs-express-backbonejs/src/js/views/thing_list.js":{"path":"/usr/local/scratch/nodejs-requirejs-express-backbonejs/src/js/views/thing_list.js","s":{"1":1,"2":1,"3":1,"4":0,"5":0,"6":0,"7":0,"8":0,"9":0,"10":0},"b":{},"f":{"1":1,"2":1,"3":0,"4":0},"fnMap":{"1":{"name":"(anonymous_1)","line":1,"loc":{"start":{"line":1,"column":1},"end":{"line":1,"column":39}}},"2":{"name":"(anonymous_2)","line":2,"loc":{"start":{"line":2,"column":4},"end":{"line":2,"column":80}}},"3":{"name":"(anonymous_3)","line":6,"loc":{"start":{"line":6,"column":21},"end":{"line":6,"column":32}}},"4":{"name":"(anonymous_4)","line":12,"loc":{"start":{"line":12,"column":25},"end":{"line":12,"column":62}}}},"statementMap":{"1":{"start":{"line":1,"column":0},"end":{"line":24,"column":73}},"2":{"start":{"line":1,"column":41},"end":{"line":23,"column":2}},"3":{"start":{"line":3,"column":2},"end":{"line":21,"column":11}},"4":{"start":{"line":7,"column":16},"end":{"line":7,"column":44}},"5":{"start":{"line":8,"column":16},"end":{"line":8,"column":47}},"6":{"start":{"line":9,"column":16},"end":{"line":9,"column":61}},"7":{"start":{"line":10,"column":16},"end":{"line":10,"column":28}},"8":{"start":{"line":13,"column":16},"end":{"line":15,"column":19}},"9":{"start":{"line":17,"column":16},"end":{"line":17,"column":53}},"10":{"start":{"line":19,"column":16},"end":{"line":19,"column":86}}},"branchMap":{},"l":{"1":1,"3":1,"7":0,"8":0,"9":0,"10":0,"13":0,"17":0,"19":0}},
"/usr/local/scratch/nodejs-requirejs-express-backbonejs/src/js/views/thing_list_item.js":{"path":"/usr/local/scratch/nodejs-requirejs-express-backbonejs/src/js/views/thing_list_item.js","s":{"1":1,"2":1,"3":1,"4":0,"5":0,"6":0},"b":{},"f":{"1":1,"2":1,"3":0},"fnMap":{"1":{"name":"(anonymous_1)","line":1,"loc":{"start":{"line":1,"column":1},"end":{"line":1,"column":39}}},"2":{"name":"(anonymous_2)","line":2,"loc":{"start":{"line":2,"column":4},"end":{"line":2,"column":65}}},"3":{"name":"(anonymous_3)","line":6,"loc":{"start":{"line":6,"column":21},"end":{"line":6,"column":32}}}},"statementMap":{"1":{"start":{"line":1,"column":0},"end":{"line":14,"column":73}},"2":{"start":{"line":1,"column":41},"end":{"line":13,"column":2}},"3":{"start":{"line":3,"column":2},"end":{"line":11,"column":11}},"4":{"start":{"line":7,"column":16},"end":{"line":7,"column":59}},"5":{"start":{"line":8,"column":16},"end":{"line":8,"column":66}},"6":{"start":{"line":9,"column":16},"end":{"line":9,"column":28}}},"branchMap":{},"l":{"1":1,"3":1,"7":0,"8":0,"9":0}},
"/usr/local/scratch/nodejs-requirejs-express-backbonejs/src/js/views/thing_new.js":{"path":"/usr/local/scratch/nodejs-requirejs-express-backbonejs/src/js/views/thing_new.js","s":{"1":1,"2":1,"3":1,"4":0,"5":0,"6":0,"7":0,"8":0,"9":0,"10":0,"11":0,"12":0},"b":{},"f":{"1":1,"2":1,"3":0,"4":0,"5":0},"fnMap":{"1":{"name":"(anonymous_1)","line":1,"loc":{"start":{"line":1,"column":1},"end":{"line":1,"column":39}}},"2":{"name":"(anonymous_2)","line":2,"loc":{"start":{"line":2,"column":4},"end":{"line":2,"column":60}}},"3":{"name":"(anonymous_3)","line":6,"loc":{"start":{"line":6,"column":21},"end":{"line":6,"column":32}}},"4":{"name":"(anonymous_4)","line":14,"loc":{"start":{"line":14,"column":26},"end":{"line":14,"column":38}}},"5":{"name":"(anonymous_5)","line":21,"loc":{"start":{"line":21,"column":39},"end":{"line":21,"column":50}}}},"statementMap":{"1":{"start":{"line":1,"column":0},"end":{"line":28,"column":73}},"2":{"start":{"line":1,"column":41},"end":{"line":27,"column":2}},"3":{"start":{"line":3,"column":2},"end":{"line":25,"column":11}},"4":{"start":{"line":7,"column":16},"end":{"line":7,"column":47}},"5":{"start":{"line":8,"column":16},"end":{"line":8,"column":66}},"6":{"start":{"line":9,"column":16},"end":{"line":9,"column":28}},"7":{"start":{"line":15,"column":16},"end":{"line":15,"column":35}},"8":{"start":{"line":16,"column":16},"end":{"line":16,"column":36}},"9":{"start":{"line":18,"column":16},"end":{"line":18,"column":57}},"10":{"start":{"line":20,"column":16},"end":{"line":20,"column":47}},"11":{"start":{"line":21,"column":16},"end":{"line":23,"column":19}},"12":{"start":{"line":22,"column":20},"end":{"line":22,"column":60}}},"branchMap":{},"l":{"1":1,"3":1,"7":0,"8":0,"9":0,"15":0,"16":0,"18":0,"20":0,"21":0,"22":0}},
"/usr/local/scratch/nodejs-requirejs-express-backbonejs/src/js/views/generic.js":{"path":"/usr/local/scratch/nodejs-requirejs-express-backbonejs/src/js/views/generic.js","s":{"1":1,"2":1,"3":1,"4":0,"5":0,"6":0},"b":{},"f":{"1":1,"2":1,"3":0,"4":0},"fnMap":{"1":{"name":"(anonymous_1)","line":1,"loc":{"start":{"line":1,"column":1},"end":{"line":1,"column":39}}},"2":{"name":"(anonymous_2)","line":2,"loc":{"start":{"line":2,"column":4},"end":{"line":2,"column":38}}},"3":{"name":"(anonymous_3)","line":4,"loc":{"start":{"line":4,"column":19},"end":{"line":4,"column":30}}},"4":{"name":"(anonymous_4)","line":7,"loc":{"start":{"line":7,"column":21},"end":{"line":7,"column":32}}}},"statementMap":{"1":{"start":{"line":1,"column":0},"end":{"line":14,"column":73}},"2":{"start":{"line":1,"column":41},"end":{"line":13,"column":2}},"3":{"start":{"line":3,"column":8},"end":{"line":11,"column":11}},"4":{"start":{"line":5,"column":10},"end":{"line":5,"column":41}},"5":{"start":{"line":8,"column":16},"end":{"line":8,"column":57}},"6":{"start":{"line":9,"column":16},"end":{"line":9,"column":28}}},"branchMap":{},"l":{"1":1,"3":1,"5":0,"8":0,"9":0}},
"/usr/local/scratch/nodejs-requirejs-express-backbonejs/src/js/models/thing.js":{"path":"/usr/local/scratch/nodejs-requirejs-express-backbonejs/src/js/models/thing.js","s":{"1":1,"2":1,"3":1,"4":0,"5":1},"b":{},"f":{"1":1,"2":1,"3":0},"fnMap":{"1":{"name":"(anonymous_1)","line":1,"loc":{"start":{"line":1,"column":1},"end":{"line":1,"column":39}}},"2":{"name":"(anonymous_2)","line":2,"loc":{"start":{"line":2,"column":4},"end":{"line":2,"column":23}}},"3":{"name":"(anonymous_3)","line":5,"loc":{"start":{"line":5,"column":23},"end":{"line":5,"column":34}}}},"statementMap":{"1":{"start":{"line":1,"column":0},"end":{"line":13,"column":73}},"2":{"start":{"line":1,"column":41},"end":{"line":12,"column":2}},"3":{"start":{"line":3,"column":8},"end":{"line":9,"column":10}},"4":{"start":{"line":6,"column":14},"end":{"line":6,"column":72}},"5":{"start":{"line":10,"column":8},"end":{"line":10,"column":21}}},"branchMap":{},"l":{"1":1,"3":1,"6":0,"10":1}},
"/usr/local/scratch/nodejs-requirejs-express-backbonejs/src/js/models/user.js":{"path":"/usr/local/scratch/nodejs-requirejs-express-backbonejs/src/js/models/user.js","s":{"1":1,"2":1,"3":1,"4":1},"b":{},"f":{"1":1,"2":1},"fnMap":{"1":{"name":"(anonymous_1)","line":1,"loc":{"start":{"line":1,"column":1},"end":{"line":1,"column":39}}},"2":{"name":"(anonymous_2)","line":2,"loc":{"start":{"line":2,"column":4},"end":{"line":2,"column":23}}}},"statementMap":{"1":{"start":{"line":1,"column":0},"end":{"line":10,"column":73}},"2":{"start":{"line":1,"column":41},"end":{"line":9,"column":2}},"3":{"start":{"line":3,"column":8},"end":{"line":6,"column":10}},"4":{"start":{"line":7,"column":8},"end":{"line":7,"column":20}}},"branchMap":{},"l":{"1":1,"3":1,"7":1}},
"/usr/local/scratch/nodejs-requirejs-express-backbonejs/src/js/models/generic.js":{"path":"/usr/local/scratch/nodejs-requirejs-express-backbonejs/src/js/models/generic.js","s":{"1":1,"2":1,"3":1},"b":{},"f":{"1":1,"2":1},"fnMap":{"1":{"name":"(anonymous_1)","line":1,"loc":{"start":{"line":1,"column":1},"end":{"line":1,"column":39}}},"2":{"name":"(anonymous_2)","line":2,"loc":{"start":{"line":2,"column":4},"end":{"line":2,"column":23}}}},"statementMap":{"1":{"start":{"line":1,"column":0},"end":{"line":9,"column":73}},"2":{"start":{"line":1,"column":41},"end":{"line":8,"column":2}},"3":{"start":{"line":3,"column":8},"end":{"line":6,"column":10}}},"branchMap":{},"l":{"1":1,"3":1}},
"/usr/local/scratch/nodejs-requirejs-express-backbonejs/src/js/collections/thing_list.js":{"path":"/usr/local/scratch/nodejs-requirejs-express-backbonejs/src/js/collections/thing_list.js","s":{"1":1,"2":1,"3":1,"4":9,"5":1},"b":{},"f":{"1":1,"2":1,"3":9},"fnMap":{"1":{"name":"(anonymous_1)","line":1,"loc":{"start":{"line":1,"column":1},"end":{"line":1,"column":39}}},"2":{"name":"(anonymous_2)","line":5,"loc":{"start":{"line":5,"column":0},"end":{"line":5,"column":27}}},"3":{"name":"(anonymous_3)","line":9,"loc":{"start":{"line":9,"column":20},"end":{"line":9,"column":36}}}},"statementMap":{"1":{"start":{"line":1,"column":0},"end":{"line":15,"column":73}},"2":{"start":{"line":1,"column":41},"end":{"line":14,"column":3}},"3":{"start":{"line":6,"column":4},"end":{"line":12,"column":7}},"4":{"start":{"line":10,"column":12},"end":{"line":10,"column":63}},"5":{"start":{"line":13,"column":4},"end":{"line":13,"column":21}}},"branchMap":{},"l":{"1":1,"6":1,"10":9,"13":1}}}
